<?xml version="1.0" encoding="utf-8"?><testsuites><testsuite name="pytest" errors="0" failures="0" skipped="3" tests="14" time="2.831" timestamp="2024-03-26T12:56:30.936156" hostname="PCsupports-MacBook-Pro.local"><testcase classname="tests.test_calculator.TestCalculator" name="test_add" time="0.000" /><testcase classname="tests.test_calculator.TestCalculator" name="test_subtract" time="0.000" /><testcase classname="tests.test_calculator.TestCalculator" name="test_add_invalid_input" time="0.000" /><testcase classname="tests.test_calculator.TestCalculator" name="test_subtract_invalid_input" time="0.000" /><testcase classname="tests.test_getCollection" name="test_get_collection_with_valid_key" time="1.237" /><testcase classname="tests.test_getCollection" name="test_get_collection_with_invalid_key" time="0.092" /><testcase classname="tests.test_getCollection" name="test_get_collection_with_invalid_request_parameter" time="0.000"><skipped type="pytest.skip" message="Test is skipped for a specific reason">/Users/nour/Documents/GitHub/pytestExample/tests/test_getCollection.py:54: Test is skipped for a specific reason</skipped></testcase><testcase classname="tests.test_getCollectionDetails" name="test_get_collection_details_with_valid_key" time="0.235" /><testcase classname="tests.test_getCollectionDetails" name="test_get_collection_details_with_invalid_request_parameter" time="0.000"><skipped type="pytest.skip" message="Test is skipped for a specific reason">/Users/nour/Documents/GitHub/pytestExample/tests/test_getCollectionDetails.py:36: Test is skipped for a specific reason</skipped></testcase><testcase classname="tests.test_getCollectionDetails" name="test_get_collection_details_with_invalid_collection_id" time="0.241" /><testcase classname="tests.test_getCollection_image" name="test_get_collection_image_with_valid_key" time="0.672" /><testcase classname="tests.test_getCollection_image" name="test_get_collection_image_with_invalid_key" time="0.099" /><testcase classname="tests.test_getCollection_image" name="test_get_collection_image_with_invalid_request_parameter" time="0.000"><skipped type="pytest.skip" message="Test is skipped for a specific reason">/Users/nour/Documents/GitHub/pytestExample/tests/test_getCollection_image.py:54: Test is skipped for a specific reason</skipped></testcase><testcase classname="tests.test_getCollection_image" name="test_get_collection_image_with_invalid_collection_id" time="0.157" /></testsuite></testsuites>