<?xml version="1.0" encoding="utf-8"?><testsuites><testsuite name="pytest" errors="0" failures="0" skipped="3" tests="14" time="2.377" timestamp="2024-03-26T14:47:01.917298" hostname="PCsupports-MacBook-Pro.local"><testcase classname="tests.test_calculator.TestCalculator" name="test_add" time="0.000" /><testcase classname="tests.test_calculator.TestCalculator" name="test_subtract" time="0.000" /><testcase classname="tests.test_calculator.TestCalculator" name="test_add_invalid_input" time="0.000" /><testcase classname="tests.test_calculator.TestCalculator" name="test_subtract_invalid_input" time="0.000" /><testcase classname="tests.test_get_collection" name="test_get_collection_with_valid_key" time="0.320" /><testcase classname="tests.test_get_collection" name="test_get_collection_with_invalid_key" time="0.181" /><testcase classname="tests.test_get_collection" name="test_get_collection_with_invalid_request_parameter" time="0.000"><skipped type="pytest.skip" message="Test is skipped for a specific reason">/Users/nour/Documents/GitHub/pytestExample/tests/test_get_collection.py:54: Test is skipped for a specific reason</skipped></testcase><testcase classname="tests.test_get_collection_details" name="test_get_collection_details_with_valid_key" time="0.229" /><testcase classname="tests.test_get_collection_details" name="test_get_collection_details_with_invalid_request_parameter" time="0.000"><skipped type="pytest.skip" message="Test is skipped for a specific reason">/Users/nour/Documents/GitHub/pytestExample/tests/test_get_collection_details.py:36: Test is skipped for a specific reason</skipped></testcase><testcase classname="tests.test_get_collection_details" name="test_get_collection_details_with_invalid_collection_id" time="0.127" /><testcase classname="tests.test_get_collection_image" name="test_get_collection_image_with_valid_key" time="0.685" /><testcase classname="tests.test_get_collection_image" name="test_get_collection_image_with_invalid_key" time="0.208" /><testcase classname="tests.test_get_collection_image" name="test_get_collection_image_with_invalid_request_parameter" time="0.001"><skipped type="pytest.skip" message="Test is skipped for a specific reason">/Users/nour/Documents/GitHub/pytestExample/tests/test_get_collection_image.py:54: Test is skipped for a specific reason</skipped></testcase><testcase classname="tests.test_get_collection_image" name="test_get_collection_image_with_invalid_collection_id" time="0.508" /></testsuite></testsuites>